Arguments: 
  C:\Program Files\nodejs\node.exe C:\Users\test\AppData\Roaming\npm\node_modules\yarn\bin\yarn.js install

PATH: 
  C:\WINDOWS\system32;C:\WINDOWS;C:\WINDOWS\System32\Wbem;C:\WINDOWS\System32\WindowsPowerShell\v1.0\;C:\WINDOWS\System32\OpenSSH\;C:\Program Files\Go\bin;C:\oracle\instantclient_21_3;C:\Program Files\Docker\Docker\resources\bin;C:\ProgramData\DockerDesktop\version-bin;C:\Program Files\nodejs\;C:\Program Files\Git\cmd;C:\Users\test\AppData\Local\Microsoft\WindowsApps;C:\Users\test\AppData\Local\Programs\Microsoft VS Code\bin;C:\Program Files\MongoDB\Server\5.0\bin;C:\Program Files\heroku\bin;C:\Users\test\go\bin;C:\Users\test\flutter\bin;C:\Program Files\Git\bin;C:\Program Files\OpenSSL-Win64\bin;C:\Users\test\AppData\Roaming\npm

Yarn version: 
  1.22.19

Node version: 
  16.15.0

Platform: 
  win32 x64

Trace: 
  Error: connect ENETUNREACH 104.16.18.35:443
      at TCPConnectWrap.afterConnect [as oncomplete] (node:net:1187:16)

npm manifest: 
  {
  	"name": "one",
  	"version": "0.0.1",
  	"scripts": {
  		"dev": "vite dev",
  		"build": "vite build",
  		"preview": "vite preview",
  		"test": "playwright test",
  		"check": "svelte-kit sync && svelte-check --tsconfig ./tsconfig.json",
  		"check:watch": "svelte-kit sync && svelte-check --tsconfig ./tsconfig.json --watch",
  		"lint": "prettier --plugin-search-dir . --check . && eslint .",
  		"format": "prettier --plugin-search-dir . --write ."
  	},
  	"devDependencies": {
  		"@fontsource/fira-mono": "^4.5.0",
  		"@neoconfetti/svelte": "^1.0.0",
  		"@playwright/test": "^1.25.0",
  		"@sveltejs/adapter-auto": "next",
  		"@sveltejs/kit": "next",
  		"@types/cookie": "^0.5.1",
  		"@typescript-eslint/eslint-plugin": "^5.27.0",
  		"@typescript-eslint/parser": "^5.27.0",
  		"eslint": "^8.16.0",
  		"eslint-config-prettier": "^8.3.0",
  		"eslint-plugin-svelte3": "^4.0.0",
  		"prettier": "^2.6.2",
  		"prettier-plugin-svelte": "^2.7.0",
  		"svelte": "^3.46.0",
  		"svelte-check": "^2.7.1",
  		"svelte-preprocess": "^4.10.6",
  		"tslib": "^2.3.1",
  		"typescript": "^4.7.4",
  		"vite": "^3.1.0"
  	},
  	"type": "module"
  }

yarn manifest: 
  No manifest

Lockfile: 
  No lockfile
